<?xml version="1.0" encoding="UTF-8"?>
<testng-results skipped="0" failed="0" total="2" passed="2">
  <reporter-output>
  </reporter-output>
  <suite name="Custom suite" duration-ms="1126" started-at="2017-10-09T12:19:40Z" finished-at="2017-10-09T12:19:42Z">
    <groups>
      <group name="cucumber">
        <method signature="RunCukesByFeatureCBot.feature(cucumber.api.testng.CucumberFeatureWrapper)[pri:0, instance:cukeTests.RunCukesByFeatureCBot@79698539]" name="feature" class="cukeTests.RunCukesByFeatureCBot"/>
      </group> <!-- cucumber -->
    </groups>
    <test name="CBot Tests bu user1" duration-ms="1126" started-at="2017-10-09T12:19:40Z" finished-at="2017-10-09T12:19:42Z">
      <class name="cukeTests.RunCukesByFeatureCBot">
        <test-method status="PASS" signature="setUpClass()[pri:0, instance:cukeTests.RunCukesByFeatureCBot@79698539]" name="setUpClass" is-config="true" duration-ms="604" started-at="2017-10-09T14:19:40Z" finished-at="2017-10-09T14:19:41Z">
          <reporter-output>
          </reporter-output>
        </test-method> <!-- setUpClass -->
        <test-method status="PASS" signature="feature(cucumber.api.testng.CucumberFeatureWrapper)[pri:0, instance:cukeTests.RunCukesByFeatureCBot@79698539]" name="feature" duration-ms="267" started-at="2017-10-09T14:19:41Z" description="Runs Cucumber Feature" data-provider="features" finished-at="2017-10-09T14:19:41Z">
          <params>
            <param index="0">
              <value>
                <![CDATA[Marie ChatBot Test Feature with fb_user_1]]>
              </value>
            </param>
          </params>
          <reporter-output>
          </reporter-output>
        </test-method> <!-- feature -->
        <test-method status="PASS" signature="feature(cucumber.api.testng.CucumberFeatureWrapper)[pri:0, instance:cukeTests.RunCukesByFeatureCBot@79698539]" name="feature" duration-ms="13" started-at="2017-10-09T14:19:41Z" description="Runs Cucumber Feature" data-provider="features" finished-at="2017-10-09T14:19:42Z">
          <params>
            <param index="0">
              <value>
                <![CDATA[Marie ChatBot Test Feature]]>
              </value>
            </param>
          </params>
          <reporter-output>
          </reporter-output>
        </test-method> <!-- feature -->
        <test-method status="PASS" signature="tearDownClass()[pri:0, instance:cukeTests.RunCukesByFeatureCBot@79698539]" name="tearDownClass" is-config="true" duration-ms="19" started-at="2017-10-09T14:19:42Z" finished-at="2017-10-09T14:19:42Z">
          <reporter-output>
          </reporter-output>
        </test-method> <!-- tearDownClass -->
      </class> <!-- cukeTests.RunCukesByFeatureCBot -->
    </test> <!-- CBot Tests bu user1 -->
  </suite> <!-- Custom suite -->
</testng-results>
