[
  {
    "line": 2,
    "elements": [
      {
        "before": [
          {
            "result": {
              "duration": 15714269,
              "status": "passed"
            },
            "match": {
              "location": "StepDefs.beforescenario(Scenario)"
            }
          }
        ],
        "line": 20,
        "name": "Navigate multiple tab in Home Bank without login",
        "description": "",
        "id": "home-bank-navigation(non-login);navigate-multiple-tab-in-home-bank-without-login;;2",
        "after": [
          {
            "result": {
              "duration": 90587,
              "status": "passed"
            },
            "match": {
              "location": "StepDefs.afterscenario(Scenario)"
            }
          }
        ],
        "type": "scenario",
        "keyword": "Scenario Outline",
        "steps": [
          {
            "result": {
              "duration": 8976190083,
              "status": "passed"
            },
            "line": 6,
            "name": "\"chrome\" session is new and navigated to \"https://ebanking.test.ing.be/en/retail\"",
            "match": {
              "arguments": [
                {
                  "val": "chrome",
                  "offset": 1
                },
                {
                  "val": "https://ebanking.test.ing.be/en/retail",
                  "offset": 42
                }
              ],
              "location": "StepDefs.session_is_new_and_navigated_to(String,String)"
            },
            "matchedColumns": [
              0,
              1
            ],
            "keyword": "Given "
          },
          {
            "result": {
              "duration": 19955760,
              "status": "passed"
            },
            "line": 7,
            "name": "browser title contains \"ING online banking service\"",
            "match": {
              "arguments": [
                {
                  "val": "ING online banking service",
                  "offset": 24
                }
              ],
              "location": "StepDefs.browser_title_contains(String)"
            },
            "matchedColumns": [
              2
            ],
            "keyword": "Then "
          },
          {
            "result": {
              "duration": 367796437,
              "error_message": "org.openqa.selenium.InvalidElementStateException: invalid element state: Element is not currently interactable and may not be manipulated\n  (Session info: chrome\u003d57.0.2987.98)\n  (Driver info: chromedriver\u003d2.28.455520 (cc17746adff54984afff480136733114c6b3704b),platform\u003dWindows NT 6.3.9600 x86_64) (WARNING: The server did not provide any stacktrace information)\nCommand duration or timeout: 31 milliseconds\nBuild info: version: \u00273.1.0\u0027, revision: \u002786a5d70\u0027, time: \u00272017-02-16 07:57:44 -0800\u0027\nSystem info: host: \u0027SX9000011174\u0027, ip: \u002710.44.38.76\u0027, os.name: \u0027Windows Server 2012 R2\u0027, os.arch: \u0027amd64\u0027, os.version: \u00276.3\u0027, java.version: \u00271.8.0_40\u0027\nDriver info: org.openqa.selenium.chrome.ChromeDriver\nCapabilities [{applicationCacheEnabled\u003dfalse, rotatable\u003dfalse, mobileEmulationEnabled\u003dfalse, networkConnectionEnabled\u003dfalse, chrome\u003d{chromedriverVersion\u003d2.28.455520 (cc17746adff54984afff480136733114c6b3704b), userDataDir\u003dC:\\Users\\NPX9SX~1\\AppData\\Local\\Temp\\2\\scoped_dir6544_28413}, takesHeapSnapshot\u003dtrue, pageLoadStrategy\u003dnormal, databaseEnabled\u003dfalse, handlesAlerts\u003dtrue, hasTouchScreen\u003dfalse, version\u003d57.0.2987.98, platform\u003dWIN8_1, browserConnectionEnabled\u003dfalse, nativeEvents\u003dtrue, acceptSslCerts\u003dtrue, locationContextEnabled\u003dtrue, webStorageEnabled\u003dtrue, browserName\u003dchrome, takesScreenshot\u003dtrue, javascriptEnabled\u003dtrue, cssSelectorsEnabled\u003dtrue, unexpectedAlertBehaviour\u003d}]\nSession ID: b94a50e7d69afb9cd8586290526af069\nCommand duration or timeout: 139 milliseconds\r\n\tat sun.reflect.NativeConstructorAccessorImpl.newInstance0(Native Method)\r\n\tat sun.reflect.NativeConstructorAccessorImpl.newInstance(NativeConstructorAccessorImpl.java:62)\r\n\tat sun.reflect.DelegatingConstructorAccessorImpl.newInstance(DelegatingConstructorAccessorImpl.java:45)\r\n\tat java.lang.reflect.Constructor.newInstance(Constructor.java:422)\r\n\tat org.openqa.selenium.remote.ErrorHandler.createThrowable(ErrorHandler.java:216)\r\n\tat org.openqa.selenium.remote.ErrorHandler.throwIfResponseFailed(ErrorHandler.java:168)\r\n\tat org.openqa.selenium.remote.RemoteWebDriver.execute(RemoteWebDriver.java:635)\r\n\tat org.openqa.selenium.remote.RemoteWebElement.execute(RemoteWebElement.java:274)\r\n\tat org.openqa.selenium.remote.RemoteWebElement.clear(RemoteWebElement.java:116)\r\n\tat cukeTests.StepDefs.user_search_for(StepDefs.java:121)\r\n\tat ✽.When User search for \"Savings\"(HBNavigation.feature:8)\r\nCaused by: org.openqa.selenium.remote.ScreenshotException: Screen shot has been taken\r\n\tat org.openqa.selenium.remote.ErrorHandler.throwIfResponseFailed(ErrorHandler.java:142)\r\n\tat org.openqa.selenium.remote.RemoteWebDriver.execute(RemoteWebDriver.java:635)\r\n\tat org.openqa.selenium.remote.RemoteWebElement.execute(RemoteWebElement.java:274)\r\n\tat org.openqa.selenium.remote.RemoteWebElement.clear(RemoteWebElement.java:116)\r\n\tat cukeTests.StepDefs.user_search_for(StepDefs.java:121)\r\n\tat sun.reflect.NativeMethodAccessorImpl.invoke0(Native Method)\r\n\tat sun.reflect.NativeMethodAccessorImpl.invoke(NativeMethodAccessorImpl.java:62)\r\n\tat sun.reflect.DelegatingMethodAccessorImpl.invoke(DelegatingMethodAccessorImpl.java:43)\r\n\tat java.lang.reflect.Method.invoke(Method.java:497)\r\n\tat cucumber.runtime.Utils$1.call(Utils.java:37)\r\n\tat cucumber.runtime.Timeout.timeout(Timeout.java:13)\r\n\tat cucumber.runtime.Utils.invoke(Utils.java:31)\r\n\tat cucumber.runtime.java.JavaStepDefinition.execute(JavaStepDefinition.java:38)\r\n\tat cucumber.runtime.StepDefinitionMatch.runStep(StepDefinitionMatch.java:37)\r\n\tat cucumber.runtime.Runtime.runStep(Runtime.java:299)\r\n\tat cucumber.runtime.model.StepContainer.runStep(StepContainer.java:44)\r\n\tat cucumber.runtime.model.StepContainer.runSteps(StepContainer.java:39)\r\n\tat cucumber.runtime.model.CucumberScenario.run(CucumberScenario.java:44)\r\n\tat cucumber.runtime.model.CucumberScenarioOutline.run(CucumberScenarioOutline.java:46)\r\n\tat cucumber.runtime.model.CucumberFeature.run(CucumberFeature.java:165)\r\n\tat cucumber.api.testng.TestNGCucumberRunner.runCucumber(TestNGCucumberRunner.java:63)\r\n\tat cukeTests.RunCukesByFeatureHB.feature(RunCukesByFeatureHB.java:25)\r\n\tat sun.reflect.NativeMethodAccessorImpl.invoke0(Native Method)\r\n\tat sun.reflect.NativeMethodAccessorImpl.invoke(NativeMethodAccessorImpl.java:62)\r\n\tat sun.reflect.DelegatingMethodAccessorImpl.invoke(DelegatingMethodAccessorImpl.java:43)\r\n\tat java.lang.reflect.Method.invoke(Method.java:497)\r\n\tat org.testng.internal.MethodInvocationHelper.invokeMethod(MethodInvocationHelper.java:86)\r\n\tat org.testng.internal.Invoker.invokeMethod(Invoker.java:643)\r\n\tat org.testng.internal.Invoker.invokeTestMethod(Invoker.java:820)\r\n\tat org.testng.internal.Invoker.invokeTestMethods(Invoker.java:1128)\r\n\tat org.testng.internal.TestMethodWorker.invokeTestMethods(TestMethodWorker.java:129)\r\n\tat org.testng.internal.TestMethodWorker.run(TestMethodWorker.java:112)\r\n\tat org.testng.TestRunner.privateRun(TestRunner.java:782)\r\n\tat org.testng.TestRunner.run(TestRunner.java:632)\r\n\tat org.testng.SuiteRunner.runTest(SuiteRunner.java:366)\r\n\tat org.testng.SuiteRunner.runSequentially(SuiteRunner.java:361)\r\n\tat org.testng.SuiteRunner.privateRun(SuiteRunner.java:319)\r\n\tat org.testng.SuiteRunner.run(SuiteRunner.java:268)\r\n\tat org.testng.SuiteRunnerWorker.runSuite(SuiteRunnerWorker.java:52)\r\n\tat org.testng.SuiteRunnerWorker.run(SuiteRunnerWorker.java:86)\r\n\tat org.testng.TestNG.runSuitesSequentially(TestNG.java:1244)\r\n\tat org.testng.TestNG.runSuitesLocally(TestNG.java:1169)\r\n\tat org.testng.TestNG.run(TestNG.java:1064)\r\n\tat org.testng.IDEARemoteTestNG.run(IDEARemoteTestNG.java:72)\r\n\tat org.testng.RemoteTestNGStarter.main(RemoteTestNGStarter.java:122)\r\nCaused by: org.openqa.selenium.InvalidElementStateException: invalid element state: Element is not currently interactable and may not be manipulated\n  (Session info: chrome\u003d57.0.2987.98)\n  (Driver info: chromedriver\u003d2.28.455520 (cc17746adff54984afff480136733114c6b3704b),platform\u003dWindows NT 6.3.9600 x86_64) (WARNING: The server did not provide any stacktrace information)\nCommand duration or timeout: 31 milliseconds\nBuild info: version: \u00273.1.0\u0027, revision: \u002786a5d70\u0027, time: \u00272017-02-16 07:57:44 -0800\u0027\nSystem info: host: \u0027SX9000011174\u0027, ip: \u002710.44.38.76\u0027, os.name: \u0027Windows Server 2012 R2\u0027, os.arch: \u0027amd64\u0027, os.version: \u00276.3\u0027, java.version: \u00271.8.0_40\u0027\nDriver info: org.openqa.selenium.chrome.ChromeDriver\nCapabilities [{applicationCacheEnabled\u003dfalse, rotatable\u003dfalse, mobileEmulationEnabled\u003dfalse, networkConnectionEnabled\u003dfalse, chrome\u003d{chromedriverVersion\u003d2.28.455520 (cc17746adff54984afff480136733114c6b3704b), userDataDir\u003dC:\\Users\\NPX9SX~1\\AppData\\Local\\Temp\\2\\scoped_dir6544_28413}, takesHeapSnapshot\u003dtrue, pageLoadStrategy\u003dnormal, databaseEnabled\u003dfalse, handlesAlerts\u003dtrue, hasTouchScreen\u003dfalse, version\u003d57.0.2987.98, platform\u003dWIN8_1, browserConnectionEnabled\u003dfalse, nativeEvents\u003dtrue, acceptSslCerts\u003dtrue, locationContextEnabled\u003dtrue, webStorageEnabled\u003dtrue, browserName\u003dchrome, takesScreenshot\u003dtrue, javascriptEnabled\u003dtrue, cssSelectorsEnabled\u003dtrue, unexpectedAlertBehaviour\u003d}]\nSession ID: b94a50e7d69afb9cd8586290526af069\nBuild info: version: \u00273.1.0\u0027, revision: \u0027b94c902\u0027, time: \u00272017-02-16 12:21:31 -0800\u0027\nSystem info: host: \u0027WDU8L0000649\u0027, ip: \u002710.244.31.17\u0027, os.name: \u0027Windows 7\u0027, os.arch: \u0027amd64\u0027, os.version: \u00276.1\u0027, java.version: \u00271.8.0_40\u0027\nDriver info: driver.version: RemoteWebDriver\r\n\tat sun.reflect.NativeConstructorAccessorImpl.newInstance0(Native Method)\r\n\tat sun.reflect.NativeConstructorAccessorImpl.newInstance(Unknown Source)\r\n\tat sun.reflect.DelegatingConstructorAccessorImpl.newInstance(Unknown Source)\r\n\tat java.lang.reflect.Constructor.newInstance(Unknown Source)\r\n\tat org.openqa.selenium.remote.ErrorHandler.createThrowable(ErrorHandler.java:216)\r\n\tat org.openqa.selenium.remote.ErrorHandler.throwIfResponseFailed(ErrorHandler.java:168)\r\n\tat org.openqa.selenium.remote.RemoteWebDriver.execute(RemoteWebDriver.java:635)\r\n\tat org.openqa.selenium.remote.RemoteWebElement.execute(RemoteWebElement.java:274)\r\n\tat org.openqa.selenium.remote.RemoteWebElement.clear(RemoteWebElement.java:116)\r\n\tat sun.reflect.GeneratedMethodAccessor42.invoke(Unknown Source)\r\n\tat sun.reflect.DelegatingMethodAccessorImpl.invoke(Unknown Source)\r\n\tat java.lang.reflect.Method.invoke(Unknown Source)\r\n\tat org.openqa.selenium.support.events.EventFiringWebDriver$EventFiringWebElement$1.invoke(EventFiringWebDriver.java:332)\r\n\tat com.sun.proxy.$Proxy7.clear(Unknown Source)\r\n\tat org.openqa.selenium.support.events.EventFiringWebDriver$EventFiringWebElement.clear(EventFiringWebDriver.java:361)\r\n\tat sun.reflect.GeneratedMethodAccessor42.invoke(Unknown Source)\r\n\tat sun.reflect.DelegatingMethodAccessorImpl.invoke(Unknown Source)\r\n\tat java.lang.reflect.Method.invoke(Unknown Source)\r\n\tat org.openqa.selenium.remote.server.KnownElements$1.invoke(KnownElements.java:64)\r\n\tat com.sun.proxy.$Proxy8.clear(Unknown Source)\r\n\tat org.openqa.selenium.remote.server.handler.ClearElement.call(ClearElement.java:30)\r\n\tat org.openqa.selenium.remote.server.handler.ClearElement.call(ClearElement.java:22)\r\n\tat java.util.concurrent.FutureTask.run(Unknown Source)\r\n\tat org.openqa.selenium.remote.server.DefaultSession$1.run(DefaultSession.java:176)\r\n\tat java.util.concurrent.ThreadPoolExecutor.runWorker(Unknown Source)\r\n\tat java.util.concurrent.ThreadPoolExecutor$Worker.run(Unknown Source)\r\n\tat java.lang.Thread.run(Unknown Source)\r\n",
              "status": "failed"
            },
            "line": 8,
            "name": "User search for \"Savings\"",
            "match": {
              "arguments": [
                {
                  "val": "Savings",
                  "offset": 17
                }
              ],
              "location": "StepDefs.user_search_for(String)"
            },
            "matchedColumns": [
              3
            ],
            "keyword": "When "
          },
          {
            "result": {
              "status": "skipped"
            },
            "line": 9,
            "name": "Current url should contain \"Savings\"",
            "match": {
              "arguments": [
                {
                  "val": "Savings",
                  "offset": 28
                }
              ],
              "location": "StepDefs.current_url_should_contain(String)"
            },
            "matchedColumns": [
              3
            ],
            "keyword": "Then "
          },
          {
            "result": {
              "status": "skipped"
            },
            "line": 10,
            "name": "User navigates to day-to-day-banking tab",
            "match": {
              "location": "StepDefs.user_navigates_to_day_to_day_banking_tab()"
            },
            "keyword": "When "
          },
          {
            "result": {
              "status": "skipped"
            },
            "line": 11,
            "name": "Current url should contain \"day-to-day-banking\"",
            "match": {
              "arguments": [
                {
                  "val": "day-to-day-banking",
                  "offset": 28
                }
              ],
              "location": "StepDefs.current_url_should_contain(String)"
            },
            "matchedColumns": [
              4
            ],
            "keyword": "Then "
          },
          {
            "result": {
              "status": "skipped"
            },
            "line": 12,
            "name": "User navigates to lending tab",
            "match": {
              "location": "StepDefs.user_navigates_to_lending_tab()"
            },
            "keyword": "When "
          },
          {
            "result": {
              "status": "skipped"
            },
            "line": 13,
            "name": "Current url should contain \"lending\"",
            "match": {
              "arguments": [
                {
                  "val": "lending",
                  "offset": 28
                }
              ],
              "location": "StepDefs.current_url_should_contain(String)"
            },
            "matchedColumns": [
              5
            ],
            "keyword": "Then "
          },
          {
            "result": {
              "status": "skipped"
            },
            "line": 14,
            "name": "User navigates to savings tab",
            "match": {
              "location": "StepDefs.user_navigates_to_savings_tab()"
            },
            "keyword": "When "
          },
          {
            "result": {
              "status": "skipped"
            },
            "line": 15,
            "name": "Current url should contain \"savings\"",
            "match": {
              "arguments": [
                {
                  "val": "savings",
                  "offset": 28
                }
              ],
              "location": "StepDefs.current_url_should_contain(String)"
            },
            "matchedColumns": [
              6
            ],
            "keyword": "Then "
          },
          {
            "result": {
              "status": "skipped"
            },
            "line": 16,
            "name": "browser session is closed",
            "match": {
              "location": "StepDefs.browser_session_is_closed()"
            },
            "keyword": "And "
          }
        ],
        "tags": [
          {
            "line": 1,
            "name": "@homebank"
          }
        ]
      },
      {
        "before": [
          {
            "result": {
              "duration": 68721,
              "status": "passed"
            },
            "match": {
              "location": "StepDefs.beforescenario(Scenario)"
            }
          }
        ],
        "line": 21,
        "name": "Navigate multiple tab in Home Bank without login",
        "description": "",
        "id": "home-bank-navigation(non-login);navigate-multiple-tab-in-home-bank-without-login;;3",
        "after": [
          {
            "result": {
              "duration": 233383,
              "status": "passed"
            },
            "match": {
              "location": "StepDefs.afterscenario(Scenario)"
            }
          }
        ],
        "type": "scenario",
        "keyword": "Scenario Outline",
        "steps": [
          {
            "result": {
              "duration": 9942885562,
              "status": "passed"
            },
            "line": 6,
            "name": "\"firefox\" session is new and navigated to \"https://ebanking.test.ing.be/en/retail\"",
            "match": {
              "arguments": [
                {
                  "val": "firefox",
                  "offset": 1
                },
                {
                  "val": "https://ebanking.test.ing.be/en/retail",
                  "offset": 43
                }
              ],
              "location": "StepDefs.session_is_new_and_navigated_to(String,String)"
            },
            "matchedColumns": [
              0,
              1
            ],
            "keyword": "Given "
          },
          {
            "result": {
              "duration": 19361818,
              "status": "passed"
            },
            "line": 7,
            "name": "browser title contains \"ING online banking service\"",
            "match": {
              "arguments": [
                {
                  "val": "ING online banking service",
                  "offset": 24
                }
              ],
              "location": "StepDefs.browser_title_contains(String)"
            },
            "matchedColumns": [
              2
            ],
            "keyword": "Then "
          },
          {
            "result": {
              "duration": 6260267823,
              "status": "passed"
            },
            "line": 8,
            "name": "User search for \"Savings\"",
            "match": {
              "arguments": [
                {
                  "val": "Savings",
                  "offset": 17
                }
              ],
              "location": "StepDefs.user_search_for(String)"
            },
            "matchedColumns": [
              3
            ],
            "keyword": "When "
          },
          {
            "result": {
              "duration": 20696961,
              "status": "passed"
            },
            "line": 9,
            "name": "Current url should contain \"Savings\"",
            "match": {
              "arguments": [
                {
                  "val": "Savings",
                  "offset": 28
                }
              ],
              "location": "StepDefs.current_url_should_contain(String)"
            },
            "matchedColumns": [
              3
            ],
            "keyword": "Then "
          },
          {
            "result": {
              "duration": 121527990,
              "error_message": "org.openqa.selenium.NoSuchElementException: Unable to locate element: Day-to-day banking\nFor documentation on this error, please visit: http://seleniumhq.org/exceptions/no_such_element.html\nBuild info: version: \u00273.1.0\u0027, revision: \u002786a5d70\u0027, time: \u00272017-02-16 07:57:44 -0800\u0027\nSystem info: host: \u0027SX9000011174\u0027, ip: \u002710.44.38.76\u0027, os.name: \u0027Windows Server 2012 R2\u0027, os.arch: \u0027amd64\u0027, os.version: \u00276.3\u0027, java.version: \u00271.8.0_40\u0027\nDriver info: org.openqa.selenium.firefox.FirefoxDriver\nCapabilities [{moz:profile\u003dC:\\Users\\NPX9SX~1\\AppData\\Local\\Temp\\2\\rust_mozprofile.vgLUagryc0f6, rotatable\u003dfalse, timeouts\u003d{implicit\u003d0, page load\u003d300000, script\u003d30000}, pageLoadStrategy\u003dnormal, platform\u003dANY, specificationLevel\u003d0, moz:accessibilityChecks\u003dfalse, acceptInsecureCerts\u003dfalse, browserVersion\u003d52.0, platformVersion\u003d6.3, moz:processID\u003d7136, browserName\u003dfirefox, platformName\u003dwindows_nt}]\nSession ID: 5e7517a7-1e03-485a-b631-3da8ed1aeead\n*** Element info: {Using\u003dlink text, value\u003dDay-to-day banking}\nCommand duration or timeout: 117 milliseconds\r\n\tat sun.reflect.NativeConstructorAccessorImpl.newInstance0(Native Method)\r\n\tat sun.reflect.NativeConstructorAccessorImpl.newInstance(NativeConstructorAccessorImpl.java:62)\r\n\tat sun.reflect.DelegatingConstructorAccessorImpl.newInstance(DelegatingConstructorAccessorImpl.java:45)\r\n\tat java.lang.reflect.Constructor.newInstance(Constructor.java:422)\r\n\tat org.openqa.selenium.remote.ErrorHandler.createThrowable(ErrorHandler.java:216)\r\n\tat org.openqa.selenium.remote.ErrorHandler.throwIfResponseFailed(ErrorHandler.java:168)\r\n\tat org.openqa.selenium.remote.RemoteWebDriver.execute(RemoteWebDriver.java:635)\r\n\tat org.openqa.selenium.remote.RemoteWebDriver.findElement(RemoteWebDriver.java:368)\r\n\tat org.openqa.selenium.remote.RemoteWebDriver.findElementByLinkText(RemoteWebDriver.java:425)\r\n\tat org.openqa.selenium.By$ByLinkText.findElement(By.java:246)\r\n\tat org.openqa.selenium.remote.RemoteWebDriver.findElement(RemoteWebDriver.java:360)\r\n\tat cukeTests.StepDefs.user_navigates_to_day_to_day_banking_tab(StepDefs.java:135)\r\n\tat ✽.When User navigates to day-to-day-banking tab(HBNavigation.feature:10)\r\nCaused by: org.openqa.selenium.remote.ScreenshotException: Screen shot has been taken\r\n\tat org.openqa.selenium.remote.ErrorHandler.throwIfResponseFailed(ErrorHandler.java:142)\r\n\tat org.openqa.selenium.remote.RemoteWebDriver.execute(RemoteWebDriver.java:635)\r\n\tat org.openqa.selenium.remote.RemoteWebDriver.findElement(RemoteWebDriver.java:368)\r\n\tat org.openqa.selenium.remote.RemoteWebDriver.findElementByLinkText(RemoteWebDriver.java:425)\r\n\tat org.openqa.selenium.By$ByLinkText.findElement(By.java:246)\r\n\tat org.openqa.selenium.remote.RemoteWebDriver.findElement(RemoteWebDriver.java:360)\r\n\tat cukeTests.StepDefs.user_navigates_to_day_to_day_banking_tab(StepDefs.java:135)\r\n\tat sun.reflect.NativeMethodAccessorImpl.invoke0(Native Method)\r\n\tat sun.reflect.NativeMethodAccessorImpl.invoke(NativeMethodAccessorImpl.java:62)\r\n\tat sun.reflect.DelegatingMethodAccessorImpl.invoke(DelegatingMethodAccessorImpl.java:43)\r\n\tat java.lang.reflect.Method.invoke(Method.java:497)\r\n\tat cucumber.runtime.Utils$1.call(Utils.java:37)\r\n\tat cucumber.runtime.Timeout.timeout(Timeout.java:13)\r\n\tat cucumber.runtime.Utils.invoke(Utils.java:31)\r\n\tat cucumber.runtime.java.JavaStepDefinition.execute(JavaStepDefinition.java:38)\r\n\tat cucumber.runtime.StepDefinitionMatch.runStep(StepDefinitionMatch.java:37)\r\n\tat cucumber.runtime.Runtime.runStep(Runtime.java:299)\r\n\tat cucumber.runtime.model.StepContainer.runStep(StepContainer.java:44)\r\n\tat cucumber.runtime.model.StepContainer.runSteps(StepContainer.java:39)\r\n\tat cucumber.runtime.model.CucumberScenario.run(CucumberScenario.java:44)\r\n\tat cucumber.runtime.model.CucumberScenarioOutline.run(CucumberScenarioOutline.java:46)\r\n\tat cucumber.runtime.model.CucumberFeature.run(CucumberFeature.java:165)\r\n\tat cucumber.api.testng.TestNGCucumberRunner.runCucumber(TestNGCucumberRunner.java:63)\r\n\tat cukeTests.RunCukesByFeatureHB.feature(RunCukesByFeatureHB.java:25)\r\n\tat sun.reflect.NativeMethodAccessorImpl.invoke0(Native Method)\r\n\tat sun.reflect.NativeMethodAccessorImpl.invoke(NativeMethodAccessorImpl.java:62)\r\n\tat sun.reflect.DelegatingMethodAccessorImpl.invoke(DelegatingMethodAccessorImpl.java:43)\r\n\tat java.lang.reflect.Method.invoke(Method.java:497)\r\n\tat org.testng.internal.MethodInvocationHelper.invokeMethod(MethodInvocationHelper.java:86)\r\n\tat org.testng.internal.Invoker.invokeMethod(Invoker.java:643)\r\n\tat org.testng.internal.Invoker.invokeTestMethod(Invoker.java:820)\r\n\tat org.testng.internal.Invoker.invokeTestMethods(Invoker.java:1128)\r\n\tat org.testng.internal.TestMethodWorker.invokeTestMethods(TestMethodWorker.java:129)\r\n\tat org.testng.internal.TestMethodWorker.run(TestMethodWorker.java:112)\r\n\tat org.testng.TestRunner.privateRun(TestRunner.java:782)\r\n\tat org.testng.TestRunner.run(TestRunner.java:632)\r\n\tat org.testng.SuiteRunner.runTest(SuiteRunner.java:366)\r\n\tat org.testng.SuiteRunner.runSequentially(SuiteRunner.java:361)\r\n\tat org.testng.SuiteRunner.privateRun(SuiteRunner.java:319)\r\n\tat org.testng.SuiteRunner.run(SuiteRunner.java:268)\r\n\tat org.testng.SuiteRunnerWorker.runSuite(SuiteRunnerWorker.java:52)\r\n\tat org.testng.SuiteRunnerWorker.run(SuiteRunnerWorker.java:86)\r\n\tat org.testng.TestNG.runSuitesSequentially(TestNG.java:1244)\r\n\tat org.testng.TestNG.runSuitesLocally(TestNG.java:1169)\r\n\tat org.testng.TestNG.run(TestNG.java:1064)\r\n\tat org.testng.IDEARemoteTestNG.run(IDEARemoteTestNG.java:72)\r\n\tat org.testng.RemoteTestNGStarter.main(RemoteTestNGStarter.java:122)\r\nCaused by: org.openqa.selenium.NoSuchElementException: Unable to locate element: Day-to-day banking\nFor documentation on this error, please visit: http://seleniumhq.org/exceptions/no_such_element.html\nBuild info: version: \u00273.1.0\u0027, revision: \u002786a5d70\u0027, time: \u00272017-02-16 07:57:44 -0800\u0027\nSystem info: host: \u0027SX9000011174\u0027, ip: \u002710.44.38.76\u0027, os.name: \u0027Windows Server 2012 R2\u0027, os.arch: \u0027amd64\u0027, os.version: \u00276.3\u0027, java.version: \u00271.8.0_40\u0027\nDriver info: org.openqa.selenium.firefox.FirefoxDriver\nCapabilities [{moz:profile\u003dC:\\Users\\NPX9SX~1\\AppData\\Local\\Temp\\2\\rust_mozprofile.vgLUagryc0f6, rotatable\u003dfalse, timeouts\u003d{implicit\u003d0, page load\u003d300000, script\u003d30000}, pageLoadStrategy\u003dnormal, platform\u003dANY, specificationLevel\u003d0, moz:accessibilityChecks\u003dfalse, acceptInsecureCerts\u003dfalse, browserVersion\u003d52.0, platformVersion\u003d6.3, moz:processID\u003d7136, browserName\u003dfirefox, platformName\u003dwindows_nt}]\nSession ID: 5e7517a7-1e03-485a-b631-3da8ed1aeead\n*** Element info: {Using\u003dlink text, value\u003dDay-to-day banking}\nFor documentation on this error, please visit: http://seleniumhq.org/exceptions/no_such_element.html\nBuild info: version: \u00273.1.0\u0027, revision: \u0027b94c902\u0027, time: \u00272017-02-16 12:21:31 -0800\u0027\nSystem info: host: \u0027WDU8L0000649\u0027, ip: \u002710.244.31.17\u0027, os.name: \u0027Windows 7\u0027, os.arch: \u0027amd64\u0027, os.version: \u00276.1\u0027, java.version: \u00271.8.0_40\u0027\nDriver info: driver.version: EventFiringWebDriver\r\n\tat sun.reflect.NativeConstructorAccessorImpl.newInstance0(Native Method)\r\n\tat sun.reflect.NativeConstructorAccessorImpl.newInstance(Unknown Source)\r\n\tat sun.reflect.DelegatingConstructorAccessorImpl.newInstance(Unknown Source)\r\n\tat java.lang.reflect.Constructor.newInstance(Unknown Source)\r\n\tat org.openqa.selenium.remote.http.W3CHttpResponseCodec.createException(W3CHttpResponseCodec.java:127)\r\n\tat org.openqa.selenium.remote.http.W3CHttpResponseCodec.decode(W3CHttpResponseCodec.java:93)\r\n\tat org.openqa.selenium.remote.http.W3CHttpResponseCodec.decode(W3CHttpResponseCodec.java:42)\r\n\tat org.openqa.selenium.remote.HttpCommandExecutor.execute(HttpCommandExecutor.java:163)\r\n\tat org.openqa.selenium.remote.service.DriverCommandExecutor.execute(DriverCommandExecutor.java:82)\r\n\tat org.openqa.selenium.remote.RemoteWebDriver.execute(RemoteWebDriver.java:601)\r\n\tat org.openqa.selenium.remote.RemoteWebDriver.findElement(RemoteWebDriver.java:368)\r\n\tat org.openqa.selenium.remote.RemoteWebDriver.findElementByLinkText(RemoteWebDriver.java:425)\r\n\tat org.openqa.selenium.By$ByLinkText.findElement(By.java:246)\r\n\tat org.openqa.selenium.remote.RemoteWebDriver.findElement(RemoteWebDriver.java:360)\r\n\tat sun.reflect.GeneratedMethodAccessor85.invoke(Unknown Source)\r\n\tat sun.reflect.DelegatingMethodAccessorImpl.invoke(Unknown Source)\r\n\tat java.lang.reflect.Method.invoke(Unknown Source)\r\n\tat org.openqa.selenium.support.events.EventFiringWebDriver$2.invoke(EventFiringWebDriver.java:104)\r\n\tat com.sun.proxy.$Proxy10.findElement(Unknown Source)\r\n\tat org.openqa.selenium.support.events.EventFiringWebDriver.findElement(EventFiringWebDriver.java:188)\r\n\tat org.openqa.selenium.remote.server.handler.FindElement.call(FindElement.java:48)\r\n\tat org.openqa.selenium.remote.server.handler.FindElement.call(FindElement.java:33)\r\n\tat java.util.concurrent.FutureTask.run(Unknown Source)\r\n\tat org.openqa.selenium.remote.server.DefaultSession$1.run(DefaultSession.java:176)\r\n\tat java.util.concurrent.ThreadPoolExecutor.runWorker(Unknown Source)\r\n\tat java.util.concurrent.ThreadPoolExecutor$Worker.run(Unknown Source)\r\n\tat java.lang.Thread.run(Unknown Source)\r\n",
              "status": "failed"
            },
            "line": 10,
            "name": "User navigates to day-to-day-banking tab",
            "match": {
              "location": "StepDefs.user_navigates_to_day_to_day_banking_tab()"
            },
            "keyword": "When "
          },
          {
            "result": {
              "status": "skipped"
            },
            "line": 11,
            "name": "Current url should contain \"day-to-day-banking\"",
            "match": {
              "arguments": [
                {
                  "val": "day-to-day-banking",
                  "offset": 28
                }
              ],
              "location": "StepDefs.current_url_should_contain(String)"
            },
            "matchedColumns": [
              4
            ],
            "keyword": "Then "
          },
          {
            "result": {
              "status": "skipped"
            },
            "line": 12,
            "name": "User navigates to lending tab",
            "match": {
              "location": "StepDefs.user_navigates_to_lending_tab()"
            },
            "keyword": "When "
          },
          {
            "result": {
              "status": "skipped"
            },
            "line": 13,
            "name": "Current url should contain \"lending\"",
            "match": {
              "arguments": [
                {
                  "val": "lending",
                  "offset": 28
                }
              ],
              "location": "StepDefs.current_url_should_contain(String)"
            },
            "matchedColumns": [
              5
            ],
            "keyword": "Then "
          },
          {
            "result": {
              "status": "skipped"
            },
            "line": 14,
            "name": "User navigates to savings tab",
            "match": {
              "location": "StepDefs.user_navigates_to_savings_tab()"
            },
            "keyword": "When "
          },
          {
            "result": {
              "status": "skipped"
            },
            "line": 15,
            "name": "Current url should contain \"savings\"",
            "match": {
              "arguments": [
                {
                  "val": "savings",
                  "offset": 28
                }
              ],
              "location": "StepDefs.current_url_should_contain(String)"
            },
            "matchedColumns": [
              6
            ],
            "keyword": "Then "
          },
          {
            "result": {
              "status": "skipped"
            },
            "line": 16,
            "name": "browser session is closed",
            "match": {
              "location": "StepDefs.browser_session_is_closed()"
            },
            "keyword": "And "
          }
        ],
        "tags": [
          {
            "line": 1,
            "name": "@homebank"
          }
        ]
      }
    ],
    "name": "Home Bank Navigation(Non-Login)",
    "description": "",
    "id": "home-bank-navigation(non-login)",
    "keyword": "Feature",
    "uri": "HBNavigation.feature",
    "tags": [
      {
        "line": 1,
        "name": "@homebank"
      }
    ]
  }
]